Release 14.5 - xst P.58f (nt64)
Copyright (c) 1995-2012 Xilinx, Inc.  All rights reserved.
--> Parameter TMPDIR set to xst/projnav.tmp


Total REAL time to Xst completion: 0.00 secs
Total CPU time to Xst completion: 0.14 secs
 
--> Parameter xsthdpdir set to xst


Total REAL time to Xst completion: 0.00 secs
Total CPU time to Xst completion: 0.15 secs
 
--> Reading design: prj2timer.prj

TABLE OF CONTENTS
  1) Synthesis Options Summary
  2) HDL Compilation
  3) Design Hierarchy Analysis
  4) HDL Analysis
  5) HDL Synthesis
     5.1) HDL Synthesis Report
  6) Advanced HDL Synthesis
     6.1) Advanced HDL Synthesis Report
  7) Low Level Synthesis
  8) Partition Report
  9) Final Report
	9.1) Device utilization summary
	9.2) Partition Resource Summary
	9.3) TIMING REPORT


=========================================================================
*                      Synthesis Options Summary                        *
=========================================================================
---- Source Parameters
Input File Name                    : "prj2timer.prj"
Input Format                       : mixed
Ignore Synthesis Constraint File   : NO

---- Target Parameters
Output File Name                   : "prj2timer"
Output Format                      : NGC
Target Device                      : xc3s100e-5-cp132

---- Source Options
Top Module Name                    : prj2timer
Automatic FSM Extraction           : YES
FSM Encoding Algorithm             : Auto
Safe Implementation                : No
FSM Style                          : LUT
RAM Extraction                     : Yes
RAM Style                          : Auto
ROM Extraction                     : Yes
Mux Style                          : Auto
Decoder Extraction                 : YES
Priority Encoder Extraction        : Yes
Shift Register Extraction          : YES
Logical Shifter Extraction         : YES
XOR Collapsing                     : YES
ROM Style                          : Auto
Mux Extraction                     : Yes
Resource Sharing                   : YES
Asynchronous To Synchronous        : NO
Multiplier Style                   : Auto
Automatic Register Balancing       : No

---- Target Options
Add IO Buffers                     : YES
Global Maximum Fanout              : 500
Add Generic Clock Buffer(BUFG)     : 24
Register Duplication               : YES
Slice Packing                      : YES
Optimize Instantiated Primitives   : NO
Use Clock Enable                   : Yes
Use Synchronous Set                : Yes
Use Synchronous Reset              : Yes
Pack IO Registers into IOBs        : Auto
Equivalent register Removal        : YES

---- General Options
Optimization Goal                  : Speed
Optimization Effort                : 1
Keep Hierarchy                     : No
Netlist Hierarchy                  : As_Optimized
RTL Output                         : Yes
Global Optimization                : AllClockNets
Read Cores                         : YES
Write Timing Constraints           : NO
Cross Clock Analysis               : NO
Hierarchy Separator                : /
Bus Delimiter                      : <>
Case Specifier                     : Maintain
Slice Utilization Ratio            : 100
BRAM Utilization Ratio             : 100
Verilog 2001                       : YES
Auto BRAM Packing                  : NO
Slice Utilization Ratio Delta      : 5

=========================================================================


=========================================================================
*                          HDL Compilation                              *
=========================================================================
Compiling verilog file "prj2timer.v" in library work
Module <prj2timer> compiled
No errors in compilation
Analysis of file <"prj2timer.prj"> succeeded.
 

=========================================================================
*                     Design Hierarchy Analysis                         *
=========================================================================
Analyzing hierarchy for module <prj2timer> in library <work>.


=========================================================================
*                            HDL Analysis                               *
=========================================================================
Analyzing top module <prj2timer>.
Module <prj2timer> is correct for synthesis.
 

=========================================================================
*                           HDL Synthesis                               *
=========================================================================

Performing bidirectional port resolution...

Synthesizing Unit <prj2timer>.
    Related source file is "prj2timer.v".
    Found 1-bit register for signal <TxD>.
    Found 1-bit register for signal <clk>.
    Found 32-bit up counter for signal <counter>.
    Found 1-bit register for signal <done>.
    Found 32-bit up counter for signal <recounter>.
    Found 4-bit up counter for signal <state>.
    Found 8-bit register for signal <timer>.
    Found 8-bit adder for signal <timer$addsub0000> created at line 53.
    Found 4-bit comparator greater for signal <TxD$cmp_gt0000> created at line 65.
    Found 4-bit comparator less for signal <TxD$cmp_lt0000> created at line 65.
    Summary:
	inferred   3 Counter(s).
	inferred  11 D-type flip-flop(s).
	inferred   1 Adder/Subtractor(s).
	inferred   2 Comparator(s).
Unit <prj2timer> synthesized.


=========================================================================
HDL Synthesis Report

Macro Statistics
# Adders/Subtractors                                   : 1
 8-bit adder                                           : 1
# Counters                                             : 3
 32-bit up counter                                     : 2
 4-bit up counter                                      : 1
# Registers                                            : 4
 1-bit register                                        : 3
 8-bit register                                        : 1
# Comparators                                          : 2
 4-bit comparator greater                              : 1
 4-bit comparator less                                 : 1

=========================================================================

=========================================================================
*                       Advanced HDL Synthesis                          *
=========================================================================


=========================================================================
Advanced HDL Synthesis Report

Macro Statistics
# Adders/Subtractors                                   : 1
 8-bit adder                                           : 1
# Counters                                             : 3
 32-bit up counter                                     : 2
 4-bit up counter                                      : 1
# Registers                                            : 11
 Flip-Flops                                            : 11
# Comparators                                          : 2
 4-bit comparator greater                              : 1
 4-bit comparator less                                 : 1

=========================================================================

=========================================================================
*                         Low Level Synthesis                           *
=========================================================================

Optimizing unit <prj2timer> ...

Mapping all equations...
Building and optimizing final netlist ...
Found area constraint ratio of 100 (+ 5) on block prj2timer, actual ratio is 6.

Final Macro Processing ...

=========================================================================
Final Register Report

Macro Statistics
# Registers                                            : 79
 Flip-Flops                                            : 79

=========================================================================

=========================================================================
*                           Partition Report                            *
=========================================================================

Partition Implementation Status
-------------------------------

  No Partitions were found in this design.

-------------------------------

=========================================================================
*                            Final Report                               *
=========================================================================
Final Results
RTL Top Level Output File Name     : prj2timer.ngr
Top Level Output File Name         : prj2timer
Output Format                      : NGC
Optimization Goal                  : Speed
Keep Hierarchy                     : No

Design Statistics
# IOs                              : 4

Cell Usage :
# BELS                             : 259
#      GND                         : 1
#      INV                         : 4
#      LUT1                        : 63
#      LUT2                        : 3
#      LUT2_L                      : 1
#      LUT3                        : 6
#      LUT3_D                      : 1
#      LUT4                        : 32
#      LUT4_D                      : 1
#      LUT4_L                      : 1
#      MUXCY                       : 79
#      MUXF5                       : 2
#      VCC                         : 1
#      XORCY                       : 64
# FlipFlops/Latches                : 79
#      FDE                         : 9
#      FDR                         : 32
#      FDRE                        : 36
#      FDRSE                       : 1
#      FDSE                        : 1
# Clock Buffers                    : 2
#      BUFG                        : 1
#      BUFGP                       : 1
# IO Buffers                       : 3
#      IBUF                        : 2
#      OBUF                        : 1
=========================================================================

Device utilization summary:
---------------------------

Selected Device : 3s100ecp132-5 

 Number of Slices:                       58  out of    960     6%  
 Number of Slice Flip Flops:             79  out of   1920     4%  
 Number of 4 input LUTs:                112  out of   1920     5%  
 Number of IOs:                           4
 Number of bonded IOBs:                   4  out of     83     4%  
 Number of GCLKs:                         2  out of     24     8%  

---------------------------
Partition Resource Summary:
---------------------------

  No Partitions were found in this design.

---------------------------


=========================================================================
TIMING REPORT

NOTE: THESE TIMING NUMBERS ARE ONLY A SYNTHESIS ESTIMATE.
      FOR ACCURATE TIMING INFORMATION PLEASE REFER TO THE TRACE REPORT
      GENERATED AFTER PLACE-and-ROUTE.

Clock Information:
------------------
-----------------------------------+------------------------+-------+
Clock Signal                       | Clock buffer(FF name)  | Load  |
-----------------------------------+------------------------+-------+
sclk                               | BUFGP                  | 33    |
clk1                               | BUFG                   | 46    |
-----------------------------------+------------------------+-------+

Asynchronous Control Signals Information:
----------------------------------------
No asynchronous control signals found in this design

Timing Summary:
---------------
Speed Grade: -5

   Minimum period: 5.594ns (Maximum Frequency: 178.773MHz)
   Minimum input arrival time before clock: 6.468ns
   Maximum output required time after clock: 4.040ns
   Maximum combinational path delay: No path found

Timing Detail:
--------------
All values displayed in nanoseconds (ns)

=========================================================================
Timing constraint: Default period analysis for Clock 'sclk'
  Clock period: 4.528ns (frequency: 220.868MHz)
  Total number of paths / destination ports: 1585 / 66
-------------------------------------------------------------------------
Delay:               4.528ns (Levels of Logic = 9)
  Source:            counter_8 (FF)
  Destination:       counter_0 (FF)
  Source Clock:      sclk rising
  Destination Clock: sclk rising

  Data Path: counter_8 to counter_0
                                Gate     Net
    Cell:in->out      fanout   Delay   Delay  Logical Name (Net Name)
    ----------------------------------------  ------------
     FDR:C->Q              2   0.514   0.532  counter_8 (counter_8)
     LUT4:I0->O            1   0.612   0.000  counter_cmp_eq0000_wg_lut<0> (counter_cmp_eq0000_wg_lut<0>)
     MUXCY:S->O            1   0.404   0.000  counter_cmp_eq0000_wg_cy<0> (counter_cmp_eq0000_wg_cy<0>)
     MUXCY:CI->O           1   0.052   0.000  counter_cmp_eq0000_wg_cy<1> (counter_cmp_eq0000_wg_cy<1>)
     MUXCY:CI->O           1   0.052   0.000  counter_cmp_eq0000_wg_cy<2> (counter_cmp_eq0000_wg_cy<2>)
     MUXCY:CI->O           1   0.052   0.000  counter_cmp_eq0000_wg_cy<3> (counter_cmp_eq0000_wg_cy<3>)
     MUXCY:CI->O           1   0.052   0.000  counter_cmp_eq0000_wg_cy<4> (counter_cmp_eq0000_wg_cy<4>)
     MUXCY:CI->O           1   0.052   0.000  counter_cmp_eq0000_wg_cy<5> (counter_cmp_eq0000_wg_cy<5>)
     MUXCY:CI->O           1   0.052   0.000  counter_cmp_eq0000_wg_cy<6> (counter_cmp_eq0000_wg_cy<6>)
     MUXCY:CI->O          33   0.289   1.073  counter_cmp_eq0000_wg_cy<7> (counter_cmp_eq0000)
     FDR:R                     0.795          counter_0
    ----------------------------------------
    Total                      4.528ns (2.923ns logic, 1.605ns route)
                                       (64.5% logic, 35.5% route)

=========================================================================
Timing constraint: Default period analysis for Clock 'clk1'
  Clock period: 5.594ns (frequency: 178.773MHz)
  Total number of paths / destination ports: 2182 / 95
-------------------------------------------------------------------------
Delay:               5.594ns (Levels of Logic = 11)
  Source:            recounter_8 (FF)
  Destination:       timer_0 (FF)
  Source Clock:      clk1 rising
  Destination Clock: clk1 rising

  Data Path: recounter_8 to timer_0
                                Gate     Net
    Cell:in->out      fanout   Delay   Delay  Logical Name (Net Name)
    ----------------------------------------  ------------
     FDRE:C->Q             2   0.514   0.532  recounter_8 (recounter_8)
     LUT1:I0->O            1   0.612   0.000  timer_mux0000<0>1_wg_cy<0>_rt (timer_mux0000<0>1_wg_cy<0>_rt)
     MUXCY:S->O            1   0.404   0.000  timer_mux0000<0>1_wg_cy<0> (timer_mux0000<0>1_wg_cy<0>)
     MUXCY:CI->O           1   0.052   0.000  timer_mux0000<0>1_wg_cy<1> (timer_mux0000<0>1_wg_cy<1>)
     MUXCY:CI->O           1   0.052   0.000  timer_mux0000<0>1_wg_cy<2> (timer_mux0000<0>1_wg_cy<2>)
     MUXCY:CI->O           1   0.052   0.000  timer_mux0000<0>1_wg_cy<3> (timer_mux0000<0>1_wg_cy<3>)
     MUXCY:CI->O           1   0.052   0.000  timer_mux0000<0>1_wg_cy<4> (timer_mux0000<0>1_wg_cy<4>)
     MUXCY:CI->O           1   0.052   0.000  timer_mux0000<0>1_wg_cy<5> (timer_mux0000<0>1_wg_cy<5>)
     MUXCY:CI->O           1   0.052   0.000  timer_mux0000<0>1_wg_cy<6> (timer_mux0000<0>1_wg_cy<6>)
     MUXCY:CI->O           1   0.052   0.000  timer_mux0000<0>1_wg_cy<7> (timer_mux0000<0>1_wg_cy<7>)
     MUXCY:CI->O          41   0.289   1.144  timer_mux0000<0>1_wg_cy<8> (recounter_and0000)
     LUT2:I1->O            8   0.612   0.643  timer_not00011 (timer_not0001)
     FDE:CE                    0.483          timer_0
    ----------------------------------------
    Total                      5.594ns (3.274ns logic, 2.320ns route)
                                       (58.5% logic, 41.5% route)

=========================================================================
Timing constraint: Default OFFSET IN BEFORE for Clock 'clk1'
  Total number of paths / destination ports: 95 / 87
-------------------------------------------------------------------------
Offset:              6.468ns (Levels of Logic = 4)
  Source:            switch (PAD)
  Destination:       timer_0 (FF)
  Destination Clock: clk1 rising

  Data Path: switch to timer_0
                                Gate     Net
    Cell:in->out      fanout   Delay   Delay  Logical Name (Net Name)
    ----------------------------------------  ------------
     IBUF:I->O            38   1.106   1.226  switch_IBUF (switch_IBUF)
     LUT4:I0->O            1   0.612   0.000  timer_mux0000<0>1_wg_lut<8> (timer_mux0000<0>1_wg_lut<8>)
     MUXCY:S->O           41   0.641   1.144  timer_mux0000<0>1_wg_cy<8> (recounter_and0000)
     LUT2:I1->O            8   0.612   0.643  timer_not00011 (timer_not0001)
     FDE:CE                    0.483          timer_0
    ----------------------------------------
    Total                      6.468ns (3.454ns logic, 3.014ns route)
                                       (53.4% logic, 46.6% route)

=========================================================================
Timing constraint: Default OFFSET OUT AFTER for Clock 'clk1'
  Total number of paths / destination ports: 1 / 1
-------------------------------------------------------------------------
Offset:              4.040ns (Levels of Logic = 1)
  Source:            TxD (FF)
  Destination:       TxD (PAD)
  Source Clock:      clk1 rising

  Data Path: TxD to TxD
                                Gate     Net
    Cell:in->out      fanout   Delay   Delay  Logical Name (Net Name)
    ----------------------------------------  ------------
     FDSE:C->Q             1   0.514   0.357  TxD (TxD_OBUF)
     OBUF:I->O                 3.169          TxD_OBUF (TxD)
    ----------------------------------------
    Total                      4.040ns (3.683ns logic, 0.357ns route)
                                       (91.2% logic, 8.8% route)

=========================================================================


Total REAL time to Xst completion: 5.00 secs
Total CPU time to Xst completion: 4.59 secs
 
--> 

Total memory usage is 270864 kilobytes

Number of errors   :    0 (   0 filtered)
Number of warnings :    0 (   0 filtered)
Number of infos    :    0 (   0 filtered)

