Release 14.5 - xst P.58f (nt64)
Copyright (c) 1995-2012 Xilinx, Inc.  All rights reserved.
--> Parameter TMPDIR set to xst/projnav.tmp


Total REAL time to Xst completion: 0.00 secs
Total CPU time to Xst completion: 0.11 secs
 
--> Parameter xsthdpdir set to xst


Total REAL time to Xst completion: 0.00 secs
Total CPU time to Xst completion: 0.11 secs
 
--> Reading design: waves.prj

TABLE OF CONTENTS
  1) Synthesis Options Summary
  2) HDL Compilation
  3) Design Hierarchy Analysis
  4) HDL Analysis
  5) HDL Synthesis
     5.1) HDL Synthesis Report
  6) Advanced HDL Synthesis
     6.1) Advanced HDL Synthesis Report
  7) Low Level Synthesis
  8) Partition Report
  9) Final Report
	9.1) Device utilization summary
	9.2) Partition Resource Summary
	9.3) TIMING REPORT


=========================================================================
*                      Synthesis Options Summary                        *
=========================================================================
---- Source Parameters
Input File Name                    : "waves.prj"
Input Format                       : mixed
Ignore Synthesis Constraint File   : NO

---- Target Parameters
Output File Name                   : "waves"
Output Format                      : NGC
Target Device                      : xc3s100e-5-cp132

---- Source Options
Top Module Name                    : waves
Automatic FSM Extraction           : YES
FSM Encoding Algorithm             : Auto
Safe Implementation                : No
FSM Style                          : LUT
RAM Extraction                     : Yes
RAM Style                          : Auto
ROM Extraction                     : Yes
Mux Style                          : Auto
Decoder Extraction                 : YES
Priority Encoder Extraction        : Yes
Shift Register Extraction          : YES
Logical Shifter Extraction         : YES
XOR Collapsing                     : YES
ROM Style                          : Auto
Mux Extraction                     : Yes
Resource Sharing                   : YES
Asynchronous To Synchronous        : NO
Multiplier Style                   : Auto
Automatic Register Balancing       : No

---- Target Options
Add IO Buffers                     : YES
Global Maximum Fanout              : 500
Add Generic Clock Buffer(BUFG)     : 24
Register Duplication               : YES
Slice Packing                      : YES
Optimize Instantiated Primitives   : NO
Use Clock Enable                   : Yes
Use Synchronous Set                : Yes
Use Synchronous Reset              : Yes
Pack IO Registers into IOBs        : Auto
Equivalent register Removal        : YES

---- General Options
Optimization Goal                  : Speed
Optimization Effort                : 1
Keep Hierarchy                     : No
Netlist Hierarchy                  : As_Optimized
RTL Output                         : Yes
Global Optimization                : AllClockNets
Read Cores                         : YES
Write Timing Constraints           : NO
Cross Clock Analysis               : NO
Hierarchy Separator                : /
Bus Delimiter                      : <>
Case Specifier                     : Maintain
Slice Utilization Ratio            : 100
BRAM Utilization Ratio             : 100
Verilog 2001                       : YES
Auto BRAM Packing                  : NO
Slice Utilization Ratio Delta      : 5

=========================================================================


=========================================================================
*                          HDL Compilation                              *
=========================================================================
Compiling verilog file "waves.v" in library work
Module <waves> compiled
No errors in compilation
Analysis of file <"waves.prj"> succeeded.
 

=========================================================================
*                     Design Hierarchy Analysis                         *
=========================================================================
Analyzing hierarchy for module <waves> in library <work>.


=========================================================================
*                            HDL Analysis                               *
=========================================================================
Analyzing top module <waves>.
Module <waves> is correct for synthesis.
 

=========================================================================
*                           HDL Synthesis                               *
=========================================================================

Performing bidirectional port resolution...

Synthesizing Unit <waves>.
    Related source file is "waves.v".
    Found 1-bit register for signal <speaker>.
    Found 32-bit register for signal <counter>.
    Found 32-bit adder for signal <counter$add0000> created at line 28.
    Found 32-bit adder for signal <counter$addsub0000> created at line 28.
    Summary:
	inferred  33 D-type flip-flop(s).
	inferred   2 Adder/Subtractor(s).
Unit <waves> synthesized.


=========================================================================
HDL Synthesis Report

Macro Statistics
# Adders/Subtractors                                   : 2
 32-bit adder                                          : 2
# Registers                                            : 2
 1-bit register                                        : 1
 32-bit register                                       : 1

=========================================================================

=========================================================================
*                       Advanced HDL Synthesis                          *
=========================================================================


=========================================================================
Advanced HDL Synthesis Report

Macro Statistics
# Adders/Subtractors                                   : 2
 32-bit adder                                          : 2
# Registers                                            : 33
 Flip-Flops                                            : 33

=========================================================================

=========================================================================
*                         Low Level Synthesis                           *
=========================================================================
WARNING:Xst:2677 - Node <counter_18> of sequential type is unconnected in block <waves>.
WARNING:Xst:2677 - Node <counter_19> of sequential type is unconnected in block <waves>.
WARNING:Xst:2677 - Node <counter_20> of sequential type is unconnected in block <waves>.
WARNING:Xst:2677 - Node <counter_21> of sequential type is unconnected in block <waves>.
WARNING:Xst:2677 - Node <counter_22> of sequential type is unconnected in block <waves>.
WARNING:Xst:2677 - Node <counter_23> of sequential type is unconnected in block <waves>.
WARNING:Xst:2677 - Node <counter_24> of sequential type is unconnected in block <waves>.
WARNING:Xst:2677 - Node <counter_25> of sequential type is unconnected in block <waves>.
WARNING:Xst:2677 - Node <counter_26> of sequential type is unconnected in block <waves>.
WARNING:Xst:2677 - Node <counter_27> of sequential type is unconnected in block <waves>.
WARNING:Xst:2677 - Node <counter_28> of sequential type is unconnected in block <waves>.
WARNING:Xst:2677 - Node <counter_29> of sequential type is unconnected in block <waves>.
WARNING:Xst:2677 - Node <counter_30> of sequential type is unconnected in block <waves>.
WARNING:Xst:2677 - Node <counter_31> of sequential type is unconnected in block <waves>.

Optimizing unit <waves> ...

Mapping all equations...
Building and optimizing final netlist ...
Found area constraint ratio of 100 (+ 5) on block waves, actual ratio is 1.

Final Macro Processing ...

=========================================================================
Final Register Report

Macro Statistics
# Registers                                            : 19
 Flip-Flops                                            : 19

=========================================================================

=========================================================================
*                           Partition Report                            *
=========================================================================

Partition Implementation Status
-------------------------------

  No Partitions were found in this design.

-------------------------------

=========================================================================
*                            Final Report                               *
=========================================================================
Final Results
RTL Top Level Output File Name     : waves.ngr
Top Level Output File Name         : waves
Output Format                      : NGC
Optimization Goal                  : Speed
Keep Hierarchy                     : No

Design Statistics
# IOs                              : 7

Cell Usage :
# BELS                             : 62
#      GND                         : 1
#      INV                         : 1
#      LUT1                        : 17
#      LUT2                        : 2
#      LUT4                        : 3
#      LUT4_L                      : 1
#      MUXCY                       : 17
#      MUXF5                       : 1
#      VCC                         : 1
#      XORCY                       : 18
# FlipFlops/Latches                : 19
#      FD                          : 18
#      FDS                         : 1
# Clock Buffers                    : 1
#      BUFGP                       : 1
# IO Buffers                       : 6
#      IBUF                        : 5
#      OBUF                        : 1
=========================================================================

Device utilization summary:
---------------------------

Selected Device : 3s100ecp132-5 

 Number of Slices:                       13  out of    960     1%  
 Number of Slice Flip Flops:             19  out of   1920     0%  
 Number of 4 input LUTs:                 24  out of   1920     1%  
 Number of IOs:                           7
 Number of bonded IOBs:                   7  out of     83     8%  
 Number of GCLKs:                         1  out of     24     4%  

---------------------------
Partition Resource Summary:
---------------------------

  No Partitions were found in this design.

---------------------------


=========================================================================
TIMING REPORT

NOTE: THESE TIMING NUMBERS ARE ONLY A SYNTHESIS ESTIMATE.
      FOR ACCURATE TIMING INFORMATION PLEASE REFER TO THE TRACE REPORT
      GENERATED AFTER PLACE-and-ROUTE.

Clock Information:
------------------
-----------------------------------+------------------------+-------+
Clock Signal                       | Clock buffer(FF name)  | Load  |
-----------------------------------+------------------------+-------+
clk                                | BUFGP                  | 19    |
-----------------------------------+------------------------+-------+

Asynchronous Control Signals Information:
----------------------------------------
No asynchronous control signals found in this design

Timing Summary:
---------------
Speed Grade: -5

   Minimum period: 3.779ns (Maximum Frequency: 264.655MHz)
   Minimum input arrival time before clock: 4.594ns
   Maximum output required time after clock: 4.063ns
   Maximum combinational path delay: No path found

Timing Detail:
--------------
All values displayed in nanoseconds (ns)

=========================================================================
Timing constraint: Default period analysis for Clock 'clk'
  Clock period: 3.779ns (frequency: 264.655MHz)
  Total number of paths / destination ports: 176 / 20
-------------------------------------------------------------------------
Delay:               3.779ns (Levels of Logic = 18)
  Source:            counter_1 (FF)
  Destination:       counter_17 (FF)
  Source Clock:      clk rising
  Destination Clock: clk rising

  Data Path: counter_1 to counter_17
                                Gate     Net
    Cell:in->out      fanout   Delay   Delay  Logical Name (Net Name)
    ----------------------------------------  ------------
     FD:C->Q               1   0.514   0.509  counter_1 (counter_1)
     LUT1:I0->O            1   0.612   0.000  Madd_counter_add0000_Madd_cy<1>_rt (Madd_counter_add0000_Madd_cy<1>_rt)
     MUXCY:S->O            1   0.404   0.000  Madd_counter_add0000_Madd_cy<1> (Madd_counter_add0000_Madd_cy<1>)
     MUXCY:CI->O           1   0.051   0.000  Madd_counter_add0000_Madd_cy<2> (Madd_counter_add0000_Madd_cy<2>)
     MUXCY:CI->O           1   0.051   0.000  Madd_counter_add0000_Madd_cy<3> (Madd_counter_add0000_Madd_cy<3>)
     MUXCY:CI->O           1   0.051   0.000  Madd_counter_add0000_Madd_cy<4> (Madd_counter_add0000_Madd_cy<4>)
     MUXCY:CI->O           1   0.051   0.000  Madd_counter_add0000_Madd_cy<5> (Madd_counter_add0000_Madd_cy<5>)
     MUXCY:CI->O           1   0.051   0.000  Madd_counter_add0000_Madd_cy<6> (Madd_counter_add0000_Madd_cy<6>)
     MUXCY:CI->O           1   0.051   0.000  Madd_counter_add0000_Madd_cy<7> (Madd_counter_add0000_Madd_cy<7>)
     MUXCY:CI->O           1   0.051   0.000  Madd_counter_add0000_Madd_cy<8> (Madd_counter_add0000_Madd_cy<8>)
     MUXCY:CI->O           1   0.051   0.000  Madd_counter_add0000_Madd_cy<9> (Madd_counter_add0000_Madd_cy<9>)
     MUXCY:CI->O           1   0.051   0.000  Madd_counter_add0000_Madd_cy<10> (Madd_counter_add0000_Madd_cy<10>)
     MUXCY:CI->O           1   0.051   0.000  Madd_counter_add0000_Madd_cy<11> (Madd_counter_add0000_Madd_cy<11>)
     MUXCY:CI->O           1   0.051   0.000  Madd_counter_add0000_Madd_cy<12> (Madd_counter_add0000_Madd_cy<12>)
     MUXCY:CI->O           1   0.051   0.000  Madd_counter_add0000_Madd_cy<13> (Madd_counter_add0000_Madd_cy<13>)
     MUXCY:CI->O           1   0.051   0.000  Madd_counter_add0000_Madd_cy<14> (Madd_counter_add0000_Madd_cy<14>)
     MUXCY:CI->O           1   0.051   0.000  Madd_counter_add0000_Madd_cy<15> (Madd_counter_add0000_Madd_cy<15>)
     MUXCY:CI->O           0   0.051   0.000  Madd_counter_add0000_Madd_cy<16> (Madd_counter_add0000_Madd_cy<16>)
     XORCY:CI->O           1   0.699   0.000  Madd_counter_add0000_Madd_xor<17> (counter_add0000<17>)
     FD:D                      0.268          counter_17
    ----------------------------------------
    Total                      3.779ns (3.270ns logic, 0.509ns route)
                                       (86.5% logic, 13.5% route)

=========================================================================
Timing constraint: Default OFFSET IN BEFORE for Clock 'clk'
  Total number of paths / destination ports: 30 / 20
-------------------------------------------------------------------------
Offset:              4.594ns (Levels of Logic = 3)
  Source:            button<1> (PAD)
  Destination:       speaker (FF)
  Destination Clock: clk rising

  Data Path: button<1> to speaker
                                Gate     Net
    Cell:in->out      fanout   Delay   Delay  Logical Name (Net Name)
    ----------------------------------------  ------------
     IBUF:I->O             3   1.106   0.603  button_1_IBUF (button_1_IBUF)
     LUT2:I0->O            1   0.612   0.509  speaker_mux000055 (speaker_mux000055)
     LUT4:I0->O            1   0.612   0.357  speaker_mux000068 (speaker_mux000068)
     FDS:S                     0.795          speaker
    ----------------------------------------
    Total                      4.594ns (3.125ns logic, 1.469ns route)
                                       (68.0% logic, 32.0% route)

=========================================================================
Timing constraint: Default OFFSET OUT AFTER for Clock 'clk'
  Total number of paths / destination ports: 1 / 1
-------------------------------------------------------------------------
Offset:              4.063ns (Levels of Logic = 1)
  Source:            speaker (FF)
  Destination:       speaker (PAD)
  Source Clock:      clk rising

  Data Path: speaker to speaker
                                Gate     Net
    Cell:in->out      fanout   Delay   Delay  Logical Name (Net Name)
    ----------------------------------------  ------------
     FDS:C->Q              2   0.514   0.380  speaker (speaker_OBUF)
     OBUF:I->O                 3.169          speaker_OBUF (speaker)
    ----------------------------------------
    Total                      4.063ns (3.683ns logic, 0.380ns route)
                                       (90.6% logic, 9.4% route)

=========================================================================


Total REAL time to Xst completion: 4.00 secs
Total CPU time to Xst completion: 3.99 secs
 
--> 

Total memory usage is 270376 kilobytes

Number of errors   :    0 (   0 filtered)
Number of warnings :   14 (   0 filtered)
Number of infos    :    0 (   0 filtered)

